#
# A fatal error has been detected by the Java Runtime Environment:
#
#  EXCEPTION_ACCESS_VIOLATION (0xc0000005) at pc=0x00000000634515bd, pid=7008, tid=0x0000000000001210
#
# JRE version: Java(TM) SE Runtime Environment (8.0_151-b12) (build 1.8.0_151-b12)
# Java VM: Java HotSpot(TM) 64-Bit Server VM (25.151-b12 mixed mode windows-amd64 compressed oops)
# Problematic frame:
# V  [jvm.dll+0xc15bd]
#
# Failed to write core dump. Minidumps are not enabled by default on client versions of Windows
#
# If you would like to submit a bug report, please visit:
#   http://bugreport.java.com/bugreport/crash.jsp
#

---------------  T H R E A D  ---------------

Current thread (0x000000001b42d800):  JavaThread "Task worker for ':'" [_thread_in_vm, id=4624, stack(0x0000000024240000,0x0000000024340000)]

siginfo: ExceptionCode=0xc0000005, reading address 0x00000000000001e8

Registers:
RAX=0x0000000000000000, RBX=0x0000000019d8ab40, RCX=0x0000000000000002, RDX=0x0000000019d8ab40
RSP=0x000000002433aef0, RBP=0x000000001b42d800, RSI=0x000000001b42d800, RDI=0x000000001aeaa770
R8 =0x00000001009c0dc0, R9 =0x000000001908e980, R10=0x0000000019d8ab40, R11=0x0000000000000015
R12=0x0000000000000006, R13=0x000000002433afd0, R14=0x0000000000000001, R15=0x000000002433b980
RIP=0x00000000634515bd, EFLAGS=0x0000000000010213

Top of Stack: (sp=0x000000002433aef0)
0x000000002433aef0:   00000001009c0030 0000000063983eec
0x000000002433af00:   000000001b42d800 000000001908e980
0x000000002433af10:   00000001009bd9a0 0000000019d8ab40
0x000000002433af20:   00005ed837031ae9 0000000017f0cbd0
0x000000002433af30:   00000001009bd758 0000000000000001
0x000000002433af40:   0000000000000000 0000000000000000
0x000000002433af50:   000000002433b980 000000001aeaa770
0x000000002433af60:   00000000027264b0 00000000176c6da0
0x000000002433af70:   000000002433b070 0000000063452d17
0x000000002433af80:   0000000019d8ab40 000000001b42d800
0x000000002433af90:   00000001009c0dc0 000000001b42d800
0x000000002433afa0:   0000000000000000 0000000000000101
0x000000002433afb0:   000000001b42d800 000000001b42d800
0x000000002433afc0:   0000000019d8ab40 000000001b42d800
0x000000002433afd0:   0000000019d8ab40 000000001b42d800
0x000000002433afe0:   0000000000000000 00000001009c0dc0 

Instructions: (pc=0x00000000634515bd)
0x000000006345159d:   50 49 8b d5 e8 3a 45 f7 ff 48 8b 74 24 58 48 8b
0x00000000634515ad:   7c 24 50 e9 e8 00 00 00 48 8b 84 24 b0 00 00 00
0x00000000634515bd:   4a 8b bc e0 b8 01 00 00 48 85 ff 0f 84 54 03 00
0x00000000634515cd:   00 48 8b 9d 40 01 00 00 8b 13 3b 53 04 75 08 48 


Register to memory mapping:

RAX=0x0000000000000000 is an unknown value
RBX={method} {0x0000000019d8ab48} 'visitEnd' '()V' in 'org/objectweb/asm/FieldVisitor'
RCX=0x0000000000000002 is an unknown value
RDX={method} {0x0000000019d8ab48} 'visitEnd' '()V' in 'org/objectweb/asm/FieldVisitor'
RSP=0x000000002433aef0 is pointing into the stack for thread: 0x000000001b42d800
RBP=0x000000001b42d800 is a thread
RSI=0x000000001b42d800 is a thread
RDI=0x000000001aeaa770 is an unknown value
R8 =0x00000001009c0dc0 is pointing into metadata
R9 =0x000000001908e980 is an unknown value
R10={method} {0x0000000019d8ab48} 'visitEnd' '()V' in 'org/objectweb/asm/FieldVisitor'
R11=0x0000000000000015 is an unknown value
R12=0x0000000000000006 is an unknown value
R13=0x000000002433afd0 is pointing into the stack for thread: 0x000000001b42d800
R14=0x0000000000000001 is an unknown value
R15=0x000000002433b980 is pointing into the stack for thread: 0x000000001b42d800


Stack: [0x0000000024240000,0x0000000024340000],  sp=0x000000002433aef0,  free space=1003k
Native frames: (J=compiled Java code, j=interpreted, Vv=VM code, C=native code)
V  [jvm.dll+0xc15bd]
V  [jvm.dll+0xc2d17]
V  [jvm.dll+0xc369a]
V  [jvm.dll+0xc3cf7]
V  [jvm.dll+0x22dfce]
V  [jvm.dll+0x22f1f5]
V  [jvm.dll+0x22fd66]
V  [jvm.dll+0x230687]
C  0x000000000282645e

Java frames: (J=compiled Java code, j=interpreted, Vv=VM code)
v  ~RuntimeStub::resolve_virtual_call
J 11251 C1 org.objectweb.asm.ClassReader.a(Lorg/objectweb/asm/ClassVisitor;Lorg/objectweb/asm/Context;I)I (662 bytes) @ 0x000000000451d134 [0x000000000451af40+0x21f4]
j  org.objectweb.asm.ClassReader.accept(Lorg/objectweb/asm/ClassVisitor;[Lorg/objectweb/asm/Attribute;I)V+1125
j  org.objectweb.asm.ClassReader.accept(Lorg/objectweb/asm/ClassVisitor;I)V+7
j  org.jacoco.core.instr.Instrumenter.instrument(Lorg/objectweb/asm/ClassReader;)[B+43
j  org.jacoco.core.instr.Instrumenter.instrument(Ljava/io/InputStream;Ljava/lang/String;)[B+9
j  com.android.build.gradle.internal.transforms.JacocoTransform.instrumentFile(Lorg/jacoco/core/instr/Instrumenter;Ljava/io/File;Ljava/io/File;)V+20
j  com.android.build.gradle.internal.transforms.JacocoTransform.instrumentFilesFullRun(Lorg/jacoco/core/instr/Instrumenter;Ljava/io/File;Ljava/io/File;)V+123
j  com.android.build.gradle.internal.transforms.JacocoTransform.transform(Lcom/android/build/api/transform/TransformInvocation;)V+176
j  com.android.build.gradle.internal.pipeline.TransformTask$2.call()Ljava/lang/Void;+103
j  com.android.build.gradle.internal.pipeline.TransformTask$2.call()Ljava/lang/Object;+1
j  com.android.builder.profile.ThreadRecorder.record(Lcom/google/wireless/android/sdk/stats/GradleBuildProfileSpan$ExecutionType;Lcom/google/wireless/android/sdk/stats/GradleTransformExecution;Ljava/lang/String;Ljava/lang/String;Lcom/android/builder/profile/Recorder$Block;)Ljava/lang/Object;+17
j  com.android.build.gradle.internal.pipeline.TransformTask.transform(Lorg/gradle/api/tasks/incremental/IncrementalTaskInputs;)V+192
v  ~StubRoutines::call_stub
J 1913  sun.reflect.NativeMethodAccessorImpl.invoke0(Ljava/lang/reflect/Method;Ljava/lang/Object;[Ljava/lang/Object;)Ljava/lang/Object; (0 bytes) @ 0x0000000002f08dbf [0x0000000002f08d40+0x7f]
J 1912 C1 sun.reflect.NativeMethodAccessorImpl.invoke(Ljava/lang/Object;[Ljava/lang/Object;)Ljava/lang/Object; (104 bytes) @ 0x0000000002f0d824 [0x0000000002f0c680+0x11a4]
J 7564 C2 java.lang.reflect.Method.invoke(Ljava/lang/Object;[Ljava/lang/Object;)Ljava/lang/Object; (62 bytes) @ 0x0000000003544304 [0x0000000003544280+0x84]
J 11118 C1 org.gradle.internal.reflect.JavaMethod.invoke(Ljava/lang/Object;[Ljava/lang/Object;)Ljava/lang/Object; (74 bytes) @ 0x00000000044ae03c [0x00000000044adf20+0x11c]
j  org.gradle.api.internal.project.taskfactory.DefaultTaskClassInfoStore$IncrementalTaskAction.doExecute(Lorg/gradle/api/Task;Ljava/lang/String;)V+35
j  org.gradle.api.internal.project.taskfactory.DefaultTaskClassInfoStore$StandardTaskAction.execute(Lorg/gradle/api/Task;)V+32
j  org.gradle.api.internal.project.taskfactory.DefaultTaskClassInfoStore$StandardTaskAction.execute(Ljava/lang/Object;)V+5
j  org.gradle.api.internal.tasks.execution.ExecuteActionsTaskExecuter$1.run(Lorg/gradle/internal/operations/BuildOperationContext;)V+23
J 8037 C1 org.gradle.internal.progress.DefaultBuildOperationExecutor$RunnableBuildOperationWorker.execute(Lorg/gradle/internal/operations/BuildOperation;Lorg/gradle/internal/operations/BuildOperationContext;)V (10 bytes) @ 0x0000000002ffede4 [0x0000000002ffeb80+0x264]
J 6029 C1 org.gradle.internal.progress.DefaultBuildOperationExecutor.execute(Lorg/gradle/internal/operations/BuildOperation;Lorg/gradle/internal/operations/BuildOperationWorker;Lorg/gradle/internal/progress/DefaultBuildOperationExecutor$DefaultBuildOperationState;)V (430 bytes) @ 0x000000000334590c [0x0000000003343080+0x288c]
J 11173 C1 org.gradle.internal.progress.DefaultBuildOperationExecutor.run(Lorg/gradle/internal/operations/RunnableBuildOperation;)V (38 bytes) @ 0x00000000044d51b4 [0x00000000044d4e80+0x334]
j  org.gradle.api.internal.tasks.execution.ExecuteActionsTaskExecuter.executeAction(Ljava/lang/String;Lorg/gradle/api/internal/TaskInternal;Lorg/gradle/api/internal/tasks/ContextAwareTaskAction;Lorg/gradle/api/internal/tasks/TaskExecutionContext;)V+23
j  org.gradle.api.internal.tasks.execution.ExecuteActionsTaskExecuter.executeActions(Lorg/gradle/api/internal/TaskInternal;Lorg/gradle/api/internal/tasks/TaskStateInternal;Lorg/gradle/api/internal/tasks/TaskExecutionContext;)Lorg/gradle/api/GradleException;+131
j  org.gradle.api.internal.tasks.execution.ExecuteActionsTaskExecuter.execute(Lorg/gradle/api/internal/TaskInternal;Lorg/gradle/api/internal/tasks/TaskStateInternal;Lorg/gradle/api/internal/tasks/TaskExecutionContext;)V+42
j  org.gradle.api.internal.tasks.execution.SkipUpToDateTaskExecuter.execute(Lorg/gradle/api/internal/TaskInternal;Lorg/gradle/api/internal/tasks/TaskStateInternal;Lorg/gradle/api/internal/tasks/TaskExecutionContext;)V+124
j  org.gradle.api.internal.tasks.execution.ResolveTaskOutputCachingStateExecuter.execute(Lorg/gradle/api/internal/TaskInternal;Lorg/gradle/api/internal/tasks/TaskStateInternal;Lorg/gradle/api/internal/tasks/TaskExecutionContext;)V+96
j  org.gradle.api.internal.tasks.execution.ValidatingTaskExecuter.execute(Lorg/gradle/api/internal/TaskInternal;Lorg/gradle/api/internal/tasks/TaskStateInternal;Lorg/gradle/api/internal/tasks/TaskExecutionContext;)V+215
j  org.gradle.api.internal.tasks.execution.SkipEmptySourceFilesTaskExecuter.execute(Lorg/gradle/api/internal/TaskInternal;Lorg/gradle/api/internal/tasks/TaskStateInternal;Lorg/gradle/api/internal/tasks/TaskExecutionContext;)V+335
j  org.gradle.api.internal.tasks.execution.ResolveTaskArtifactStateTaskExecuter.execute(Lorg/gradle/api/internal/TaskInternal;Lorg/gradle/api/internal/tasks/TaskStateInternal;Lorg/gradle/api/internal/tasks/TaskExecutionContext;)V+72
j  org.gradle.api.internal.tasks.execution.SkipTaskWithNoActionsExecuter.execute(Lorg/gradle/api/internal/TaskInternal;Lorg/gradle/api/internal/tasks/TaskStateInternal;Lorg/gradle/api/internal/tasks/TaskExecutionContext;)V+124
j  org.gradle.api.internal.tasks.execution.SkipOnlyIfTaskExecuter.execute(Lorg/gradle/api/internal/TaskInternal;Lorg/gradle/api/internal/tasks/TaskStateInternal;Lorg/gradle/api/internal/tasks/TaskExecutionContext;)V+85
j  org.gradle.api.internal.tasks.execution.ExecuteAtMostOnceTaskExecuter.execute(Lorg/gradle/api/internal/TaskInternal;Lorg/gradle/api/internal/tasks/TaskStateInternal;Lorg/gradle/api/internal/tasks/TaskExecutionContext;)V+26
j  org.gradle.api.internal.tasks.execution.CatchExceptionTaskExecuter.execute(Lorg/gradle/api/internal/TaskInternal;Lorg/gradle/api/internal/tasks/TaskStateInternal;Lorg/gradle/api/internal/tasks/TaskExecutionContext;)V+7
j  org.gradle.execution.taskgraph.DefaultTaskGraphExecuter$EventFiringTaskWorker$1.run(Lorg/gradle/internal/operations/BuildOperationContext;)V+56
J 8037 C1 org.gradle.internal.progress.DefaultBuildOperationExecutor$RunnableBuildOperationWorker.execute(Lorg/gradle/internal/operations/BuildOperation;Lorg/gradle/internal/operations/BuildOperationContext;)V (10 bytes) @ 0x0000000002ffede4 [0x0000000002ffeb80+0x264]
J 6029 C1 org.gradle.internal.progress.DefaultBuildOperationExecutor.execute(Lorg/gradle/internal/operations/BuildOperation;Lorg/gradle/internal/operations/BuildOperationWorker;Lorg/gradle/internal/progress/DefaultBuildOperationExecutor$DefaultBuildOperationState;)V (430 bytes) @ 0x000000000334590c [0x0000000003343080+0x288c]
J 11173 C1 org.gradle.internal.progress.DefaultBuildOperationExecutor.run(Lorg/gradle/internal/operations/RunnableBuildOperation;)V (38 bytes) @ 0x00000000044d51b4 [0x00000000044d4e80+0x334]
j  org.gradle.execution.taskgraph.DefaultTaskGraphExecuter$EventFiringTaskWorker.execute(Lorg/gradle/api/internal/TaskInternal;)V+16
j  org.gradle.execution.taskgraph.DefaultTaskGraphExecuter$EventFiringTaskWorker.execute(Ljava/lang/Object;)V+5
j  org.gradle.execution.taskgraph.DefaultTaskPlanExecutor$TaskExecutorWorker.processTask(Lorg/gradle/execution/taskgraph/TaskInfo;)V+8
j  org.gradle.execution.taskgraph.DefaultTaskPlanExecutor$TaskExecutorWorker.access$200(Lorg/gradle/execution/taskgraph/DefaultTaskPlanExecutor$TaskExecutorWorker;Lorg/gradle/execution/taskgraph/TaskInfo;)V+2
j  org.gradle.execution.taskgraph.DefaultTaskPlanExecutor$TaskExecutorWorker$1.execute(Lorg/gradle/execution/taskgraph/TaskInfo;)V+38
j  org.gradle.execution.taskgraph.DefaultTaskPlanExecutor$TaskExecutorWorker$1.execute(Ljava/lang/Object;)V+5
j  org.gradle.execution.taskgraph.DefaultTaskExecutionPlan.execute(Lorg/gradle/execution/taskgraph/TaskInfo;Lorg/gradle/internal/work/WorkerLeaseRegistry$WorkerLease;Lorg/gradle/api/Action;)V+14
j  org.gradle.execution.taskgraph.DefaultTaskExecutionPlan.executeWithTask(Lorg/gradle/internal/work/WorkerLeaseRegistry$WorkerLease;Lorg/gradle/api/Action;)Z+53
j  org.gradle.execution.taskgraph.DefaultTaskPlanExecutor$TaskExecutorWorker.run()V+52
J 10262 C1 org.gradle.internal.concurrent.ManagedExecutorImpl$1.run()V (57 bytes) @ 0x00000000030ac41c [0x00000000030abf00+0x51c]
j  java.util.concurrent.ThreadPoolExecutor.runWorker(Ljava/util/concurrent/ThreadPoolExecutor$Worker;)V+95
j  java.util.concurrent.ThreadPoolExecutor$Worker.run()V+5
j  org.gradle.internal.concurrent.ThreadFactoryImpl$ManagedThreadRunnable.run()V+7
j  java.lang.Thread.run()V+11
v  ~StubRoutines::call_stub

---------------  P R O C E S S  ---------------

Java Threads: ( => current thread )
  0x000000001b427000 JavaThread "Task worker for ':' Thread 2" [_thread_blocked, id=7476, stack(0x0000000024340000,0x0000000024440000)]
=>0x000000001b42d800 JavaThread "Task worker for ':'" [_thread_in_vm, id=4624, stack(0x0000000024240000,0x0000000024340000)]
  0x000000001b42a000 JavaThread "Cache worker for task history cache (C:\android-basic-testing\.gradle\4.1\taskHistory)" [_thread_blocked, id=7736, stack(0x0000000024140000,0x0000000024240000)]
  0x000000001b42d000 JavaThread "Cache worker for file content cache (C:\android-basic-testing\.gradle\4.1\fileContent)" [_thread_blocked, id=6212, stack(0x0000000024040000,0x0000000024140000)]
  0x000000001b42b800 JavaThread "build operations Thread 3" [_thread_blocked, id=9684, stack(0x0000000023f40000,0x0000000024040000)]
  0x000000001b425800 JavaThread "build operations Thread 2" [_thread_blocked, id=9840, stack(0x0000000023e40000,0x0000000023f40000)]
  0x000000001b42a800 JavaThread "build operations" [_thread_blocked, id=5964, stack(0x0000000023d40000,0x0000000023e40000)]
  0x000000001b422800 JavaThread "Cache worker for Artifact transforms cache (C:\Users\napon\.gradle\caches\transforms-1)" [_thread_blocked, id=9644, stack(0x0000000023c40000,0x0000000023d40000)]
  0x000000001b424800 JavaThread "Cache worker for file hash cache (C:\android-basic-testing\.gradle\4.1\fileHashes)" [_thread_blocked, id=8412, stack(0x0000000023b40000,0x0000000023c40000)]
  0x000000001b426000 JavaThread "Stdin handler" [_thread_blocked, id=2712, stack(0x0000000023a40000,0x0000000023b40000)]
  0x000000001b428800 JavaThread "Asynchronous log dispatcher for DefaultDaemonConnection: socket connection from /127.0.0.1:52291 to /127.0.0.1:52528" [_thread_blocked, id=2544, stack(0x0000000023940000,0x0000000023a40000)]
  0x000000001b429000 JavaThread "Daemon worker Thread 2" [_thread_blocked, id=8424, stack(0x0000000023840000,0x0000000023940000)]
  0x000000001b421800 JavaThread "Cancel handler" [_thread_blocked, id=7884, stack(0x0000000023740000,0x0000000023840000)]
  0x000000001b424000 JavaThread "Handler for socket connection from /127.0.0.1:52291 to /127.0.0.1:52528" [_thread_in_native, id=8648, stack(0x0000000023640000,0x0000000023740000)]
  0x000000001b423000 JavaThread "Daemon Thread 2" [_thread_blocked, id=10224, stack(0x0000000023540000,0x0000000023640000)]
  0x000000001b42e800 JavaThread "Java2D Disposer" daemon [_thread_blocked, id=8264, stack(0x0000000021240000,0x0000000021340000)]
  0x0000000018bdc000 JavaThread "Memory manager" [_thread_blocked, id=6388, stack(0x000000001de80000,0x000000001df80000)]
  0x0000000018bdd800 JavaThread "File lock request listener" [_thread_in_native, id=1080, stack(0x000000001a5c0000,0x000000001a6c0000)]
  0x0000000018be0000 JavaThread "Cache worker for file hash cache (C:\Users\napon\.gradle\caches\4.1\fileHashes)" [_thread_blocked, id=10452, stack(0x000000001a4c0000,0x000000001a5c0000)]
  0x00000000189ad000 JavaThread "Daemon periodic checks" [_thread_blocked, id=5064, stack(0x0000000019bc0000,0x0000000019cc0000)]
  0x00000000189d1000 JavaThread "Incoming local TCP Connector on port 52291" [_thread_in_native, id=6380, stack(0x0000000019990000,0x0000000019a90000)]
  0x00000000185fb000 JavaThread "Daemon health stats" [_thread_blocked, id=10812, stack(0x0000000019350000,0x0000000019450000)]
  0x0000000016084800 JavaThread "Service Thread" daemon [_thread_blocked, id=2980, stack(0x0000000017980000,0x0000000017a80000)]
  0x0000000016035800 JavaThread "C1 CompilerThread1" daemon [_thread_blocked, id=7808, stack(0x0000000017480000,0x0000000017580000)]
  0x0000000016033000 JavaThread "C2 CompilerThread0" daemon [_thread_in_native, id=6056, stack(0x0000000017380000,0x0000000017480000)]
  0x0000000016031800 JavaThread "Attach Listener" daemon [_thread_blocked, id=8824, stack(0x0000000017280000,0x0000000017380000)]
  0x0000000016081800 JavaThread "Signal Dispatcher" daemon [_thread_blocked, id=3252, stack(0x0000000017180000,0x0000000017280000)]
  0x0000000016019800 JavaThread "Finalizer" daemon [_thread_blocked, id=7512, stack(0x0000000016f70000,0x0000000017070000)]
  0x00000000027ce800 JavaThread "Reference Handler" daemon [_thread_blocked, id=4712, stack(0x0000000016e70000,0x0000000016f70000)]
  0x00000000026e0800 JavaThread "main" [_thread_blocked, id=6928, stack(0x00000000025b0000,0x00000000026b0000)]

Other Threads:
  0x0000000015ff6000 VMThread [stack: 0x0000000016d70000,0x0000000016e70000] [id=7000]
  0x00000000175e6800 WatcherThread [stack: 0x0000000017a80000,0x0000000017b80000] [id=9052]

VM state:not at safepoint (normal execution)

VM Mutex/Monitor currently owned by a thread: None

Heap:
 PSYoungGen      total 199680K, used 110139K [0x00000000e0000000, 0x00000000edd00000, 0x0000000100000000)
  eden space 175104K, 53% used [0x00000000e0000000,0x00000000e5c4ef10,0x00000000eab00000)
  from space 24576K, 63% used [0x00000000ec380000,0x00000000ed2c00a0,0x00000000edb80000)
  to   space 25088K, 0% used [0x00000000eab00000,0x00000000eab00000,0x00000000ec380000)
 ParOldGen       total 94208K, used 34922K [0x00000000a0000000, 0x00000000a5c00000, 0x00000000e0000000)
  object space 94208K, 37% used [0x00000000a0000000,0x00000000a221a938,0x00000000a5c00000)
 Metaspace       used 72401K, capacity 74558K, committed 74904K, reserved 1114112K
  class space    used 9563K, capacity 10036K, committed 10160K, reserved 1048576K

Card table byte_map: [0x0000000011ba0000,0x0000000011eb0000] byte_map_base: 0x00000000116a0000

Marking Bits: (ParMarkBitMap*) 0x0000000063bad850
 Begin Bits: [0x00000000123b0000, 0x0000000013bb0000)
 End Bits:   [0x0000000013bb0000, 0x00000000153b0000)

Polling page: 0x0000000002550000

CodeCache: size=245760Kb used=29805Kb max_used=29805Kb free=215954Kb
 bounds [0x00000000027e0000, 0x0000000004520000, 0x00000000117e0000]
 total_blobs=10409 nmethods=9478 adapters=843
 compilation: enabled

Compilation events (10 events):
Event: 487.147 Thread 0x0000000016035800 11249       3       org.objectweb.asm.ByteVector::putByteArray (49 bytes)
Event: 487.148 Thread 0x0000000016035800 nmethod 11249 0x0000000004519c50 code [0x0000000004519dc0, 0x000000000451a0f8]
Event: 487.164 Thread 0x0000000016035800 11250       3       org.objectweb.asm.FieldWriter::<init> (97 bytes)
Event: 487.165 Thread 0x0000000016035800 nmethod 11250 0x000000000451a210 code [0x000000000451a3c0, 0x000000000451a868]
Event: 487.165 Thread 0x0000000016035800 11251       3       org.objectweb.asm.ClassReader::a (662 bytes)
Event: 487.168 Thread 0x0000000016035800 nmethod 11251 0x000000000451aad0 code [0x000000000451af40, 0x000000000451d688]
Event: 487.168 Thread 0x0000000016035800 11252       3       org.jacoco.core.internal.instr.ClassInstrumenter::visitField (20 bytes)
Event: 487.169 Thread 0x0000000016035800 nmethod 11252 0x000000000451f2d0 code [0x000000000451f460, 0x000000000451f7b8]
Event: 487.169 Thread 0x0000000016035800 11253       3       org.objectweb.asm.FieldWriter::visitEnd (1 bytes)
Event: 487.169 Thread 0x0000000016035800 nmethod 11253 0x0000000003f4c490 code [0x0000000003f4c5e0, 0x0000000003f4c730]

GC Heap History (10 events):
Event: 19.105 GC heap before
{Heap before GC invocations=13 (full 2):
 PSYoungGen      total 126464K, used 124598K [0x00000000e0000000, 0x00000000e8b00000, 0x0000000100000000)
  eden space 115200K, 100% used [0x00000000e0000000,0x00000000e7080000,0x00000000e7080000)
  from space 11264K, 83% used [0x00000000e7c80000,0x00000000e85ada30,0x00000000e8780000)
  to   space 12288K, 0% used [0x00000000e7080000,0x00000000e7080000,0x00000000e7c80000)
 ParOldGen       total 57344K, used 14977K [0x00000000a0000000, 0x00000000a3800000, 0x00000000e0000000)
  object space 57344K, 26% used [0x00000000a0000000,0x00000000a0ea07f0,0x00000000a3800000)
 Metaspace       used 48983K, capacity 50204K, committed 50480K, reserved 1093632K
  class space    used 6819K, capacity 7131K, committed 7216K, reserved 1048576K
Event: 19.131 GC heap after
Heap after GC invocations=13 (full 2):
 PSYoungGen      total 127488K, used 12276K [0x00000000e0000000, 0x00000000eaf80000, 0x0000000100000000)
  eden space 115200K, 0% used [0x00000000e0000000,0x00000000e0000000,0x00000000e7080000)
  from space 12288K, 99% used [0x00000000e7080000,0x00000000e7c7d218,0x00000000e7c80000)
  to   space 15360K, 0% used [0x00000000ea080000,0x00000000ea080000,0x00000000eaf80000)
 ParOldGen       total 57344K, used 19171K [0x00000000a0000000, 0x00000000a3800000, 0x00000000e0000000)
  object space 57344K, 33% used [0x00000000a0000000,0x00000000a12b8e70,0x00000000a3800000)
 Metaspace       used 48983K, capacity 50204K, committed 50480K, reserved 1093632K
  class space    used 6819K, capacity 7131K, committed 7216K, reserved 1048576K
}
Event: 44.856 GC heap before
{Heap before GC invocations=14 (full 2):
 PSYoungGen      total 127488K, used 127476K [0x00000000e0000000, 0x00000000eaf80000, 0x0000000100000000)
  eden space 115200K, 100% used [0x00000000e0000000,0x00000000e7080000,0x00000000e7080000)
  from space 12288K, 99% used [0x00000000e7080000,0x00000000e7c7d218,0x00000000e7c80000)
  to   space 15360K, 0% used [0x00000000ea080000,0x00000000ea080000,0x00000000eaf80000)
 ParOldGen       total 57344K, used 19171K [0x00000000a0000000, 0x00000000a3800000, 0x00000000e0000000)
  object space 57344K, 33% used [0x00000000a0000000,0x00000000a12b8e70,0x00000000a3800000)
 Metaspace       used 53705K, capacity 55192K, committed 55472K, reserved 1097728K
  class space    used 7416K, capacity 7765K, committed 7856K, reserved 1048576K
Event: 44.916 GC heap after
Heap after GC invocations=14 (full 2):
 PSYoungGen      total 158208K, used 15348K [0x00000000e0000000, 0x00000000eb800000, 0x0000000100000000)
  eden space 142848K, 0% used [0x00000000e0000000,0x00000000e0000000,0x00000000e8b80000)
  from space 15360K, 99% used [0x00000000ea080000,0x00000000eaf7d0e8,0x00000000eaf80000)
  to   space 21504K, 0% used [0x00000000e8b80000,0x00000000e8b80000,0x00000000ea080000)
 ParOldGen       total 57344K, used 29469K [0x00000000a0000000, 0x00000000a3800000, 0x00000000e0000000)
  object space 57344K, 51% used [0x00000000a0000000,0x00000000a1cc74c0,0x00000000a3800000)
 Metaspace       used 53705K, capacity 55192K, committed 55472K, reserved 1097728K
  class space    used 7416K, capacity 7765K, committed 7856K, reserved 1048576K
}
Event: 61.763 GC heap before
{Heap before GC invocations=15 (full 2):
 PSYoungGen      total 158208K, used 121388K [0x00000000e0000000, 0x00000000eb800000, 0x0000000100000000)
  eden space 142848K, 74% used [0x00000000e0000000,0x00000000e678e290,0x00000000e8b80000)
  from space 15360K, 99% used [0x00000000ea080000,0x00000000eaf7d0e8,0x00000000eaf80000)
  to   space 21504K, 0% used [0x00000000e8b80000,0x00000000e8b80000,0x00000000ea080000)
 ParOldGen       total 57344K, used 29469K [0x00000000a0000000, 0x00000000a3800000, 0x00000000e0000000)
  object space 57344K, 51% used [0x00000000a0000000,0x00000000a1cc74c0,0x00000000a3800000)
 Metaspace       used 57509K, capacity 59094K, committed 59160K, reserved 1099776K
  class space    used 7831K, capacity 8176K, committed 8240K, reserved 1048576K
Event: 61.797 GC heap after
Heap after GC invocations=15 (full 2):
 PSYoungGen      total 164352K, used 20408K [0x00000000e0000000, 0x00000000edb80000, 0x0000000100000000)
  eden space 142848K, 0% used [0x00000000e0000000,0x00000000e0000000,0x00000000e8b80000)
  from space 21504K, 94% used [0x00000000e8b80000,0x00000000e9f6e338,0x00000000ea080000)
  to   space 24576K, 0% used [0x00000000ec380000,0x00000000ec380000,0x00000000edb80000)
 ParOldGen       total 57344K, used 29477K [0x00000000a0000000, 0x00000000a3800000, 0x00000000e0000000)
  object space 57344K, 51% used [0x00000000a0000000,0x00000000a1cc94c0,0x00000000a3800000)
 Metaspace       used 57509K, capacity 59094K, committed 59160K, reserved 1099776K
  class space    used 7831K, capacity 8176K, committed 8240K, reserved 1048576K
}
Event: 61.797 GC heap before
{Heap before GC invocations=16 (full 3):
 PSYoungGen      total 164352K, used 20408K [0x00000000e0000000, 0x00000000edb80000, 0x0000000100000000)
  eden space 142848K, 0% used [0x00000000e0000000,0x00000000e0000000,0x00000000e8b80000)
  from space 21504K, 94% used [0x00000000e8b80000,0x00000000e9f6e338,0x00000000ea080000)
  to   space 24576K, 0% used [0x00000000ec380000,0x00000000ec380000,0x00000000edb80000)
 ParOldGen       total 57344K, used 29477K [0x00000000a0000000, 0x00000000a3800000, 0x00000000e0000000)
  object space 57344K, 51% used [0x00000000a0000000,0x00000000a1cc94c0,0x00000000a3800000)
 Metaspace       used 57509K, capacity 59094K, committed 59160K, reserved 1099776K
  class space    used 7831K, capacity 8176K, committed 8240K, reserved 1048576K
Event: 62.068 GC heap after
Heap after GC invocations=16 (full 3):
 PSYoungGen      total 164352K, used 0K [0x00000000e0000000, 0x00000000edb80000, 0x0000000100000000)
  eden space 142848K, 0% used [0x00000000e0000000,0x00000000e0000000,0x00000000e8b80000)
  from space 21504K, 0% used [0x00000000e8b80000,0x00000000e8b80000,0x00000000ea080000)
  to   space 24576K, 0% used [0x00000000ec380000,0x00000000ec380000,0x00000000edb80000)
 ParOldGen       total 94208K, used 34895K [0x00000000a0000000, 0x00000000a5c00000, 0x00000000e0000000)
  object space 94208K, 37% used [0x00000000a0000000,0x00000000a2213ce8,0x00000000a5c00000)
 Metaspace       used 57509K, capacity 59094K, committed 59160K, reserved 1099776K
  class space    used 7831K, capacity 8176K, committed 8240K, reserved 1048576K
}
Event: 73.320 GC heap before
{Heap before GC invocations=17 (full 3):
 PSYoungGen      total 164352K, used 142848K [0x00000000e0000000, 0x00000000edb80000, 0x0000000100000000)
  eden space 142848K, 100% used [0x00000000e0000000,0x00000000e8b80000,0x00000000e8b80000)
  from space 21504K, 0% used [0x00000000e8b80000,0x00000000e8b80000,0x00000000ea080000)
  to   space 24576K, 0% used [0x00000000ec380000,0x00000000ec380000,0x00000000edb80000)
 ParOldGen       total 94208K, used 34895K [0x00000000a0000000, 0x00000000a5c00000, 0x00000000e0000000)
  object space 94208K, 37% used [0x00000000a0000000,0x00000000a2213ce8,0x00000000a5c00000)
 Metaspace       used 67182K, capacity 68910K, committed 69144K, reserved 1110016K
  class space    used 9034K, capacity 9438K, committed 9520K, reserved 1048576K
Event: 73.351 GC heap after
Heap after GC invocations=17 (full 3):
 PSYoungGen      total 199680K, used 15616K [0x00000000e0000000, 0x00000000edd00000, 0x0000000100000000)
  eden space 175104K, 0% used [0x00000000e0000000,0x00000000e0000000,0x00000000eab00000)
  from space 24576K, 63% used [0x00000000ec380000,0x00000000ed2c00a0,0x00000000edb80000)
  to   space 25088K, 0% used [0x00000000eab00000,0x00000000eab00000,0x00000000ec380000)
 ParOldGen       total 94208K, used 34922K [0x00000000a0000000, 0x00000000a5c00000, 0x00000000e0000000)
  object space 94208K, 37% used [0x00000000a0000000,0x00000000a221a938,0x00000000a5c00000)
 Metaspace       used 67182K, capacity 68910K, committed 69144K, reserved 1110016K
  class space    used 9034K, capacity 9438K, committed 9520K, reserved 1048576K
}

Deoptimization events (10 events):
Event: 485.653 Thread 0x000000001b429000 Uncommon trap: reason=bimorphic action=maybe_recompile pc=0x0000000003d4d40c method=com.sun.org.apache.xerces.internal.dom.AttributeMap.setNamedItem(Lorg/w3c/dom/Node;)Lorg/w3c/dom/Node; @ 4
Event: 485.653 Thread 0x000000001b429000 Uncommon trap: reason=unstable_if action=reinterpret pc=0x0000000002f4c8a8 method=com.sun.org.apache.xerces.internal.dom.AttrImpl.getNodeName()Ljava/lang/String; @ 4
Event: 485.653 Thread 0x000000001b429000 Uncommon trap: reason=bimorphic action=maybe_recompile pc=0x0000000003d4d40c method=com.sun.org.apache.xerces.internal.dom.AttributeMap.setNamedItem(Lorg/w3c/dom/Node;)Lorg/w3c/dom/Node; @ 4
Event: 485.653 Thread 0x000000001b429000 Uncommon trap: reason=bimorphic action=maybe_recompile pc=0x0000000003d4d40c method=com.sun.org.apache.xerces.internal.dom.AttributeMap.setNamedItem(Lorg/w3c/dom/Node;)Lorg/w3c/dom/Node; @ 4
Event: 485.653 Thread 0x000000001b429000 Uncommon trap: reason=unstable_if action=reinterpret pc=0x0000000003bf9fa4 method=com.sun.org.apache.xerces.internal.dom.ParentNode.getChildNodes()Lorg/w3c/dom/NodeList; @ 4
Event: 485.653 Thread 0x000000001b429000 Uncommon trap: reason=unstable_if action=reinterpret pc=0x0000000003c1a8a0 method=com.sun.org.apache.xerces.internal.dom.ElementImpl.getDefaultAttributes()Lcom/sun/org/apache/xerces/internal/dom/NamedNodeMapImpl; @ 12
Event: 485.711 Thread 0x000000001b429000 Uncommon trap: reason=bimorphic action=maybe_recompile pc=0x0000000003d4d40c method=com.sun.org.apache.xerces.internal.dom.AttributeMap.setNamedItem(Lorg/w3c/dom/Node;)Lorg/w3c/dom/Node; @ 4
Event: 485.839 Thread 0x000000001b425800 Uncommon trap: reason=unstable_if action=reinterpret pc=0x0000000003d9210c method=com.google.common.cache.LongAdder.add(J)V @ 24
Event: 486.271 Thread 0x000000001b42d800 Uncommon trap: reason=unstable_if action=reinterpret pc=0x0000000002ecd4d4 method=org.gradle.api.internal.file.pattern.PatternMatcherFactory$PathMatcherBackedSpec.isSatisfiedBy(Lorg/gradle/api/file/RelativePath;)Z @ 11
Event: 486.308 Thread 0x000000001b42d800 Uncommon trap: reason=bimorphic action=maybe_recompile pc=0x0000000003c717a0 method=java.nio.charset.CharsetEncoder.encode(Ljava/nio/CharBuffer;Ljava/nio/ByteBuffer;Z)Ljava/nio/charset/CoderResult; @ 57

Internal exceptions (10 events):
Event: 485.304 Thread 0x000000001b429000 Exception <a 'sun/nio/fs/WindowsException'> (0x00000000e3e093b8) thrown at [C:\re\workspace\8-2-build-windows-amd64-cygwin\jdk8u151\9699\hotspot\src\share\vm\prims\jni.cpp, line 709]
Event: 485.305 Thread 0x000000001b429000 Exception <a 'sun/nio/fs/WindowsException'> (0x00000000e3e0bef0) thrown at [C:\re\workspace\8-2-build-windows-amd64-cygwin\jdk8u151\9699\hotspot\src\share\vm\prims\jni.cpp, line 709]
Event: 485.305 Thread 0x000000001b429000 Exception <a 'sun/nio/fs/WindowsException'> (0x00000000e3e0ca28) thrown at [C:\re\workspace\8-2-build-windows-amd64-cygwin\jdk8u151\9699\hotspot\src\share\vm\prims\jni.cpp, line 709]
Event: 485.305 Thread 0x000000001b429000 Exception <a 'sun/nio/fs/WindowsException'> (0x00000000e3e0e5a0) thrown at [C:\re\workspace\8-2-build-windows-amd64-cygwin\jdk8u151\9699\hotspot\src\share\vm\prims\jni.cpp, line 709]
Event: 485.305 Thread 0x000000001b429000 Exception <a 'sun/nio/fs/WindowsException'> (0x00000000e3e0f110) thrown at [C:\re\workspace\8-2-build-windows-amd64-cygwin\jdk8u151\9699\hotspot\src\share\vm\prims\jni.cpp, line 709]
Event: 485.324 Thread 0x000000001b429000 Exception <a 'sun/nio/fs/WindowsException'> (0x00000000e3e12848) thrown at [C:\re\workspace\8-2-build-windows-amd64-cygwin\jdk8u151\9699\hotspot\src\share\vm\prims\jni.cpp, line 709]
Event: 485.324 Thread 0x000000001b429000 Exception <a 'sun/nio/fs/WindowsException'> (0x00000000e3e13390) thrown at [C:\re\workspace\8-2-build-windows-amd64-cygwin\jdk8u151\9699\hotspot\src\share\vm\prims\jni.cpp, line 709]
Event: 485.324 Thread 0x000000001b429000 Exception <a 'sun/nio/fs/WindowsException'> (0x00000000e3e14f08) thrown at [C:\re\workspace\8-2-build-windows-amd64-cygwin\jdk8u151\9699\hotspot\src\share\vm\prims\jni.cpp, line 709]
Event: 485.324 Thread 0x000000001b429000 Exception <a 'sun/nio/fs/WindowsException'> (0x00000000e3e15a90) thrown at [C:\re\workspace\8-2-build-windows-amd64-cygwin\jdk8u151\9699\hotspot\src\share\vm\prims\jni.cpp, line 709]
Event: 486.218 Thread 0x000000001b429000 Exception <a 'sun/nio/fs/WindowsException'> (0x00000000e5708878) thrown at [C:\re\workspace\8-2-build-windows-amd64-cygwin\jdk8u151\9699\hotspot\src\share\vm\prims\jni.cpp, line 709]

Events (10 events):
Event: 486.422 loading class org/jacoco/core/internal/flow/LabelFlowAnalyzer done
Event: 486.423 loading class org/jacoco/core/internal/flow/LabelInfo
Event: 486.423 loading class org/jacoco/core/internal/flow/LabelInfo done
Event: 486.499 Thread 0x0000000016035800 flushing nmethod 0x00000000036cb3d0
Event: 486.500 Thread 0x0000000016035800 flushing nmethod 0x0000000003859350
Event: 486.500 Thread 0x0000000016035800 flushing nmethod 0x0000000003885590
Event: 486.519 Thread 0x0000000016035800 flushing nmethod 0x0000000003d93c50
Event: 486.543 Thread 0x0000000016035800 flushing nmethod 0x0000000003f4c490
Event: 486.720 Thread 0x000000001b42d800 DEOPT PACKING pc=0x00000000029e6728 sp=0x000000002433c730
Event: 486.720 Thread 0x000000001b42d800 DEOPT UNPACKING pc=0x000000000282747f sp=0x000000002433c580 mode 0


Dynamic libraries:
0x00007ff6ecf80000 - 0x00007ff6ecfb7000 	C:\Program Files\Java\jdk1.8.0_151\bin\java.exe
0x00007ffcdf900000 - 0x00007ffcdfadb000 	C:\Windows\SYSTEM32\ntdll.dll
0x00007ffcdf740000 - 0x00007ffcdf7ee000 	C:\Windows\System32\KERNEL32.DLL
0x00007ffcdc0b0000 - 0x00007ffcdc2f9000 	C:\Windows\System32\KERNELBASE.dll
0x00007ffcdd050000 - 0x00007ffcdd0f1000 	C:\Windows\System32\ADVAPI32.dll
0x00007ffcdef00000 - 0x00007ffcdef9d000 	C:\Windows\System32\msvcrt.dll
0x00007ffcdd9a0000 - 0x00007ffcdd9f9000 	C:\Windows\System32\sechost.dll
0x00007ffcdf590000 - 0x00007ffcdf6b5000 	C:\Windows\System32\RPCRT4.dll
0x00007ffcdf2a0000 - 0x00007ffcdf3ea000 	C:\Windows\System32\USER32.dll
0x00007ffcdc4b0000 - 0x00007ffcdc4ce000 	C:\Windows\System32\win32u.dll
0x00007ffcdd970000 - 0x00007ffcdd997000 	C:\Windows\System32\GDI32.dll
0x00007ffcdbf20000 - 0x00007ffcdc0a7000 	C:\Windows\System32\gdi32full.dll
0x00007ffcdbe80000 - 0x00007ffcdbf1a000 	C:\Windows\System32\msvcp_win.dll
0x00007ffcdc3b0000 - 0x00007ffcdc4a6000 	C:\Windows\System32\ucrtbase.dll
0x00007ffcd3930000 - 0x00007ffcd3b97000 	C:\Windows\WinSxS\amd64_microsoft.windows.common-controls_6595b64144ccf1df_6.0.15063.483_none_26002d27e7c744a2\COMCTL32.dll
0x00007ffcdefa0000 - 0x00007ffcdf299000 	C:\Windows\System32\combase.dll
0x00007ffcdcdf0000 - 0x00007ffcdce5a000 	C:\Windows\System32\bcryptPrimitives.dll
0x00007ffcdd2d0000 - 0x00007ffcdd2fd000 	C:\Windows\System32\IMM32.DLL
0x0000000063c30000 - 0x0000000063d02000 	C:\Program Files\Java\jdk1.8.0_151\jre\bin\msvcr100.dll
0x0000000063390000 - 0x0000000063c2d000 	C:\Program Files\Java\jdk1.8.0_151\jre\bin\server\jvm.dll
0x00007ffcdd300000 - 0x00007ffcdd308000 	C:\Windows\System32\PSAPI.DLL
0x00007ffcd5e70000 - 0x00007ffcd5e7a000 	C:\Windows\SYSTEM32\VERSION.dll
0x00007ffcd67f0000 - 0x00007ffcd6813000 	C:\Windows\SYSTEM32\WINMM.dll
0x00007ffcd3390000 - 0x00007ffcd3399000 	C:\Windows\SYSTEM32\WSOCK32.dll
0x00007ffcdf6d0000 - 0x00007ffcdf73c000 	C:\Windows\System32\WS2_32.dll
0x00007ffcd6790000 - 0x00007ffcd67bb000 	C:\Windows\SYSTEM32\winmmbase.dll
0x00007ffcdcda0000 - 0x00007ffcdcde9000 	C:\Windows\System32\cfgmgr32.dll
0x0000000063380000 - 0x000000006338f000 	C:\Program Files\Java\jdk1.8.0_151\jre\bin\verify.dll
0x0000000063350000 - 0x0000000063379000 	C:\Program Files\Java\jdk1.8.0_151\jre\bin\java.dll
0x0000000063330000 - 0x0000000063346000 	C:\Program Files\Java\jdk1.8.0_151\jre\bin\zip.dll
0x00007ffcdda00000 - 0x00007ffcdee37000 	C:\Windows\System32\SHELL32.dll
0x00007ffcdd100000 - 0x00007ffcdd1aa000 	C:\Windows\System32\shcore.dll
0x00007ffcdc4d0000 - 0x00007ffcdcbc1000 	C:\Windows\System32\windows.storage.dll
0x00007ffcdd1b0000 - 0x00007ffcdd201000 	C:\Windows\System32\shlwapi.dll
0x00007ffcdbdc0000 - 0x00007ffcdbdd1000 	C:\Windows\System32\kernel.appcore.dll
0x00007ffcdbd70000 - 0x00007ffcdbdbc000 	C:\Windows\System32\powrprof.dll
0x00007ffcdbde0000 - 0x00007ffcdbdf5000 	C:\Windows\System32\profapi.dll
0x0000000063310000 - 0x000000006332a000 	C:\Program Files\Java\jdk1.8.0_151\jre\bin\net.dll
0x00007ffcdb620000 - 0x00007ffcdb67c000 	C:\Windows\system32\mswsock.dll
0x00000000632f0000 - 0x0000000063301000 	C:\Program Files\Java\jdk1.8.0_151\jre\bin\nio.dll
0x00007ffcd3090000 - 0x00007ffcd30ae000 	C:\Users\napon\.gradle\native\25\windows-amd64\native-platform.dll
0x00000000632e0000 - 0x00000000632ed000 	C:\Program Files\Java\jdk1.8.0_151\jre\bin\management.dll
0x00007ffcdb7c0000 - 0x00007ffcdb7d7000 	C:\Windows\SYSTEM32\CRYPTSP.dll
0x00007ffcdb240000 - 0x00007ffcdb274000 	C:\Windows\system32\rsaenh.dll
0x00007ffcdbba0000 - 0x00007ffcdbbc5000 	C:\Windows\SYSTEM32\bcrypt.dll
0x00007ffcdbca0000 - 0x00007ffcdbcc9000 	C:\Windows\SYSTEM32\USERENV.dll
0x00007ffcdb7e0000 - 0x00007ffcdb7eb000 	C:\Windows\SYSTEM32\CRYPTBASE.dll
0x00007ffcdb3c0000 - 0x00007ffcdb3f7000 	C:\Windows\SYSTEM32\IPHLPAPI.DLL
0x00007ffcdd7d0000 - 0x00007ffcdd7d8000 	C:\Windows\System32\NSI.dll
0x00007ffcd8760000 - 0x00007ffcd8776000 	C:\Windows\SYSTEM32\dhcpcsvc6.DLL
0x00007ffcd8740000 - 0x00007ffcd875a000 	C:\Windows\SYSTEM32\dhcpcsvc.DLL
0x0000000063140000 - 0x00000000632d8000 	C:\Program Files\Java\jdk1.8.0_151\jre\bin\awt.dll
0x00007ffcdee40000 - 0x00007ffcdef00000 	C:\Windows\System32\OLEAUT32.dll
0x00007ffcda470000 - 0x00007ffcda4ee000 	C:\Windows\SYSTEM32\apphelp.dll
0x00007ffcd8c80000 - 0x00007ffcd8caa000 	C:\Windows\system32\DWMAPI.DLL
0x00007ffcda670000 - 0x00007ffcda705000 	C:\Windows\system32\uxtheme.dll
0x0000000063110000 - 0x000000006313a000 	C:\Program Files\Java\jdk1.8.0_151\jre\bin\dcpr.dll
0x00007ffcdaf80000 - 0x00007ffcdafb1000 	C:\Windows\SYSTEM32\ntmarta.dll
0x00000000630e0000 - 0x0000000063104000 	C:\Program Files\Java\jdk1.8.0_151\jre\bin\sunec.dll
0x00007ffcdb400000 - 0x00007ffcdb4a4000 	C:\Windows\SYSTEM32\DNSAPI.dll
0x00007ffcd7c50000 - 0x00007ffcd7c5a000 	C:\Windows\System32\rasadhlp.dll
0x00007ffcd7f50000 - 0x00007ffcd7fbb000 	C:\Windows\System32\fwpuclnt.dll
0x00000000630d0000 - 0x00000000630db000 	C:\Program Files\Java\jdk1.8.0_151\jre\bin\sunmscapi.dll
0x00007ffcdcbd0000 - 0x00007ffcdcd99000 	C:\Windows\System32\CRYPT32.dll
0x00007ffcdbe00000 - 0x00007ffcdbe11000 	C:\Windows\System32\MSASN1.dll
0x00007ffcb9db0000 - 0x00007ffcb9dc6000 	C:\Windows\system32\napinsp.dll
0x00007ffcb9600000 - 0x00007ffcb961a000 	C:\Windows\system32\pnrpnsp.dll
0x00007ffcd82e0000 - 0x00007ffcd82f8000 	C:\Windows\system32\NLAapi.dll
0x00007ffcb9b20000 - 0x00007ffcb9b2e000 	C:\Windows\System32\winrnr.dll
0x00007ffcd2290000 - 0x00007ffcd2439000 	C:\Windows\SYSTEM32\dbghelp.dll

VM Arguments:
jvm_args: -Xmx1536m -Dfile.encoding=x-windows-874 -Duser.country=US -Duser.language=en -Duser.variant 
java_command: org.gradle.launcher.daemon.bootstrap.GradleDaemon 4.1
java_class_path (initial): C:\Users\napon\.gradle\wrapper\dists\gradle-4.1-all\bzyivzo6n839fup2jbap0tjew\gradle-4.1\lib\gradle-launcher-4.1.jar
Launcher Type: SUN_STANDARD

Environment Variables:
JAVA_HOME=C:\Program Files\Java\jdk1.8.0_151
CLASSPATH=C:\android-basic-testing\\gradle\wrapper\gradle-wrapper.jar
PATH=C:\ProgramData\Oracle\Java\javapath;C:\Windows\system32;C:\Windows;C:\Windows\System32\Wbem;C:\Windows\System32\WindowsPowerShell\v1.0\;C:\Program Files (x86)\QuickTime\QTSystem\;C:\Users\napon\AppData\Local\Microsoft\WindowsApps;
USERNAME=napkkk
OS=Windows_NT
PROCESSOR_IDENTIFIER=AMD64 Family 16 Model 5 Stepping 3, AuthenticAMD



---------------  S Y S T E M  ---------------

OS: Windows 10.0 , 64 bit Build 15063 (10.0.15063.296)

CPU:total 3 (initial active 3) (3 cores per cpu, 1 threads per core) family 16 model 5 stepping 3, cmov, cx8, fxsr, mmx, sse, sse2, sse3, popcnt, mmxext, 3dnowpref, lzcnt, sse4a, tsc, tscinvbit, tscinv

Memory: 4k page, physical 4191540k(720668k free), swap 9172276k(2731040k free)

vm_info: Java HotSpot(TM) 64-Bit Server VM (25.151-b12) for windows-amd64 JRE (1.8.0_151-b12), built on Sep  5 2017 19:33:46 by "java_re" with MS VC++ 10.0 (VS2010)

time: Thu Nov 16 22:12:33 2017
elapsed time: 487 seconds (0d 0h 8m 7s)

